SlitScan.rc(6): Warning! W086: col(13) definition of macro 'RGB' not identical to previous definition
SlitScan.rc(6): Note! N393: col(13) included from SlitScan.cpp(5)
SlitScan.rc(6): Note! N851: col(13) macro 'RGB' defined in: C:\WATCOM\h\nt\wingdi.h(71) (col 9)
SlitScan.cpp(6): Warning! W885: col(2) #endif matches #if in different source file
SlitScan.cpp(6): Note! N886: col(2) preprocessing directive found in: WatcomHack.h(1) (col 9)
SlitScan.cpp(115): Warning! W836: col(53) symbol has different type than previous symbol in same declaration
SlitScan.cpp(115): Note! N837: col(53) companion definition is 'Slit'
SlitScan.cpp(115): Note! N392: col(13) definition: 'int Slit' in 'int cdecl Kernel( _FilterActivation const *, _FilterFunctions const * )'
SlitScan.cpp(125): Warning! W389: col(45) integral value may be truncated during assignment or initialization
SlitScan.cpp(126): Warning! W389: col(48) integral value may be truncated during assignment or initialization
SlitScan.cpp(127): Warning! W389: col(49) integral value may be truncated during assignment or initialization
SlitScan.cpp(151): Warning! W726: col(1) no reference to formal parameter 'ff'
SlitScan.cpp(108): Note! N392: col(75) definition: '_FilterFunctions const * ff' in 'int cdecl Kernel( _FilterActivation const *, _FilterFunctions const * )'
SlitScan.cpp(155): Warning! W836: col(20) symbol has different type than previous symbol in same declaration
SlitScan.cpp(155): Note! N837: col(20) companion definition is 'T'
SlitScan.cpp(155): Note! N392: col(17) definition: 'unsigned short * T' in 'unsigned short * ParseBitmap( char *, int, int *, int *, int *, int * )'
SlitScan.cpp(275): Warning! W836: col(20) symbol has different type than previous symbol in same declaration
SlitScan.cpp(275): Note! N837: col(20) companion definition is 'x'
SlitScan.cpp(275): Note! N392: col(13) definition: 'int x' in 'void Button( int, HWND__ * )'
SlitScan.cpp(300): Warning! W737: col(69) implicit conversion of pointers to integral types of same size
SlitScan.cpp(300): Note! N630: col(69) source conversion type is 'unsigned short *'
SlitScan.cpp(300): Note! N631: col(69) target conversion type is 'short *'
SlitScan.cpp(316): Warning! W737: col(29) implicit conversion of pointers to integral types of same size
SlitScan.cpp(316): Note! N630: col(29) source conversion type is 'unsigned long *'
SlitScan.cpp(316): Note! N631: col(29) target conversion type is 'int *'
SlitScan.cpp(351): Warning! W128: col(26) initializer for variable 'MapName' cannot be bypassed
SlitScan.cpp(281): Note! N392: col(38) definition: 'tagOFNA MapName' in 'void Button( int, HWND__ * )'
SlitScan.cpp(354): Warning! W128: col(26) initializer for variable 'MapName' cannot be bypassed
SlitScan.cpp(281): Note! N392: col(38) definition: 'tagOFNA MapName' in 'void Button( int, HWND__ * )'
SlitScan.cpp(357): Warning! W128: col(26) initializer for variable 'MapName' cannot be bypassed
SlitScan.cpp(281): Note! N392: col(38) definition: 'tagOFNA MapName' in 'void Button( int, HWND__ * )'
SlitScan.cpp(369): Warning! W128: col(30) initializer for variable 'MapName' cannot be bypassed
SlitScan.cpp(281): Note! N392: col(38) definition: 'tagOFNA MapName' in 'void Button( int, HWND__ * )'
SlitScan.cpp(421): Warning! W014: col(1) no reference to symbol 'h'
SlitScan.cpp(377): Note! N392: col(17) definition: 'int h' in 'int stdcall (__export StdWinDialog)( HWND__ *, unsigned, unsigned, long )'
SlitScan.cpp(421): Warning! W014: col(1) no reference to symbol 'k'
SlitScan.cpp(377): Note! N392: col(19) definition: 'int k' in 'int stdcall (__export StdWinDialog)( HWND__ *, unsigned, unsigned, long )'
SlitScan.cpp(434): Warning! W726: col(1) no reference to formal parameter 'fa'
SlitScan.cpp(425): Note! N392: col(52) definition: '_FilterActivation const * fa' in 'int cdecl DialogWindow( _FilterActivation const *, _FilterFunctions const *, HWND__ * )'
SlitScan.cpp(434): Warning! W726: col(1) no reference to formal parameter 'ff'
SlitScan.cpp(425): Note! N392: col(80) definition: '_FilterFunctions const * ff' in 'int cdecl DialogWindow( _FilterActivation const *, _FilterFunctions const *, HWND__ * )'
SlitScan.cpp(441): Warning! W726: col(1) no reference to formal parameter 'fa'
SlitScan.cpp(436): Note! N392: col(51) definition: '_FilterActivation const * fa' in 'int cdecl Parameters( _FilterActivation const *, _FilterFunctions const * )'
SlitScan.cpp(441): Warning! W726: col(1) no reference to formal parameter 'ff'
SlitScan.cpp(436): Note! N392: col(79) definition: '_FilterFunctions const * ff' in 'int cdecl Parameters( _FilterActivation const *, _FilterFunctions const * )'
SlitScan.cpp(501): Warning! W726: col(1) no reference to formal parameter 'fm'
SlitScan.cpp(483): Note! N392: col(89) definition: 'FilterModule * fm' in 'void (__export VirtualdubFilterModuleDeinit)( FilterModule *, FilterFunctions const * )'
SlitScan.cpp(508): Warning! W726: col(1) no reference to formal parameter 'lpvReserved'
SlitScan.cpp(504): Note! N392: col(59) definition: 'void * lpvReserved' in 'int stdcall DllMain( HINSTANCE__ *, unsigned long, void * )'
